<?xml version="1.0" encoding="UTF-8"?>
<robot generator="Robot 6.0.2 (Python 3.11.1 on win32)" generated="20230216 13:13:25.405" rpa="false" schemaversion="3">
<suite id="s1" name="TestDemo" source="C:\Users\krishna\PycharmProjects\Robotframework\TestCases\TestDemo.robot">
<test id="s1-t1" name="Valid Login" line="15">
<kw name="Open Browser To Login Page">
<kw name="Open Browser" library="SeleniumLibrary">
<arg>${LOGIN URL}</arg>
<arg>${BROWSER}</arg>
<doc>Opens a new browser instance to the optional ``url``.</doc>
<msg timestamp="20230216 13:13:25.920" level="INFO">Opening browser 'Chrome' to base url 'https://opensource-demo.orangehrmlive.com/web/index.php/auth/login'.</msg>
<status status="PASS" starttime="20230216 13:13:25.920" endtime="20230216 13:13:33.600"/>
</kw>
<kw name="Sleep" library="BuiltIn">
<arg>5sec</arg>
<doc>Pauses the test executed for the given time.</doc>
<msg timestamp="20230216 13:13:38.600" level="INFO">Slept 5 seconds</msg>
<status status="PASS" starttime="20230216 13:13:33.600" endtime="20230216 13:13:38.600"/>
</kw>
<kw name="Maximize Browser Window" library="SeleniumLibrary">
<doc>Maximizes current browser window.</doc>
<status status="PASS" starttime="20230216 13:13:38.600" endtime="20230216 13:13:38.723"/>
</kw>
<kw name="Title Should Be" library="SeleniumLibrary">
<arg>OrangeHRM</arg>
<doc>Verifies that the current page title equals ``title``.</doc>
<msg timestamp="20230216 13:13:38.734" level="INFO">Page title is 'OrangeHRM'.</msg>
<status status="PASS" starttime="20230216 13:13:38.724" endtime="20230216 13:13:38.734"/>
</kw>
<status status="PASS" starttime="20230216 13:13:25.920" endtime="20230216 13:13:38.735"/>
</kw>
<kw name="Input Username">
<arg>Admin</arg>
<kw name="Input Text" library="SeleniumLibrary">
<arg>${username_field}</arg>
<arg>${username}</arg>
<doc>Types the given ``text`` into the text field identified by ``locator``.</doc>
<msg timestamp="20230216 13:13:38.736" level="INFO">Typing text 'Admin' into text field '//input[@name="username"]'.</msg>
<status status="PASS" starttime="20230216 13:13:38.735" endtime="20230216 13:13:38.897"/>
</kw>
<status status="PASS" starttime="20230216 13:13:38.735" endtime="20230216 13:13:38.897"/>
</kw>
<kw name="Input Password">
<arg>admin123</arg>
<kw name="Input Text" library="SeleniumLibrary">
<arg>${password_field}</arg>
<arg>${password}</arg>
<doc>Types the given ``text`` into the text field identified by ``locator``.</doc>
<msg timestamp="20230216 13:13:38.897" level="INFO">Typing text 'admin123' into text field '//input[@type="password"]'.</msg>
<status status="PASS" starttime="20230216 13:13:38.897" endtime="20230216 13:13:39.105"/>
</kw>
<status status="PASS" starttime="20230216 13:13:38.897" endtime="20230216 13:13:39.105"/>
</kw>
<kw name="Submit Credentials">
<kw name="Click Button" library="SeleniumLibrary">
<arg>${login_button}</arg>
<doc>Clicks the button identified by ``locator``.</doc>
<msg timestamp="20230216 13:13:39.110" level="INFO">Clicking button '//button[@type="submit"]'.</msg>
<status status="PASS" starttime="20230216 13:13:39.108" endtime="20230216 13:13:40.586"/>
</kw>
<status status="PASS" starttime="20230216 13:13:39.105" endtime="20230216 13:13:40.586"/>
</kw>
<kw name="Welcome Page Should Be Open">
<kw name="Title Should Be" library="SeleniumLibrary">
<arg>OrangeHRM</arg>
<doc>Verifies that the current page title equals ``title``.</doc>
<msg timestamp="20230216 13:13:40.592" level="INFO">Page title is 'OrangeHRM'.</msg>
<status status="PASS" starttime="20230216 13:13:40.587" endtime="20230216 13:13:40.592"/>
</kw>
<status status="PASS" starttime="20230216 13:13:40.586" endtime="20230216 13:13:40.593"/>
</kw>
<kw name="User Logout">
<kw name="Sleep" library="BuiltIn">
<arg>5sec</arg>
<doc>Pauses the test executed for the given time.</doc>
<msg timestamp="20230216 13:13:45.596" level="INFO">Slept 5 seconds</msg>
<status status="PASS" starttime="20230216 13:13:40.594" endtime="20230216 13:13:45.596"/>
</kw>
<kw name="Set Selenium Implicit Wait" library="SeleniumLibrary">
<arg>10seconds</arg>
<doc>Sets the implicit wait value used by Selenium.</doc>
<status status="PASS" starttime="20230216 13:13:45.596" endtime="20230216 13:13:45.596"/>
</kw>
<kw name="Click Element" library="SeleniumLibrary">
<arg>${logout_dropdown}</arg>
<doc>Click the element identified by ``locator``.</doc>
<msg timestamp="20230216 13:13:45.596" level="INFO">Clicking element '//p[@class='oxd-userdropdown-name']'.</msg>
<status status="PASS" starttime="20230216 13:13:45.596" endtime="20230216 13:13:45.682"/>
</kw>
<kw name="Sleep" library="BuiltIn">
<arg>5sec</arg>
<doc>Pauses the test executed for the given time.</doc>
<msg timestamp="20230216 13:13:50.683" level="INFO">Slept 5 seconds</msg>
<status status="PASS" starttime="20230216 13:13:45.682" endtime="20230216 13:13:50.683"/>
</kw>
<kw name="Click Element" library="SeleniumLibrary">
<arg>${logout_link}</arg>
<doc>Click the element identified by ``locator``.</doc>
<msg timestamp="20230216 13:13:50.686" level="INFO">Clicking element '//li/a[@href="/web/index.php/auth/logout"]'.</msg>
<status status="PASS" starttime="20230216 13:13:50.684" endtime="20230216 13:13:52.263"/>
</kw>
<status status="PASS" starttime="20230216 13:13:40.593" endtime="20230216 13:13:52.263"/>
</kw>
<kw name="Verify User logout successfully">
<kw name="Sleep" library="BuiltIn">
<arg>5sec</arg>
<doc>Pauses the test executed for the given time.</doc>
<msg timestamp="20230216 13:13:57.265" level="INFO">Slept 5 seconds</msg>
<status status="PASS" starttime="20230216 13:13:52.264" endtime="20230216 13:13:57.265"/>
</kw>
<kw name="Title Should Be" library="SeleniumLibrary">
<arg>OrangeHRM</arg>
<doc>Verifies that the current page title equals ``title``.</doc>
<msg timestamp="20230216 13:13:57.272" level="INFO">Page title is 'OrangeHRM'.</msg>
<status status="PASS" starttime="20230216 13:13:57.265" endtime="20230216 13:13:57.272"/>
</kw>
<status status="PASS" starttime="20230216 13:13:52.263" endtime="20230216 13:13:57.273"/>
</kw>
<kw name="Set Selenium Implicit Wait" library="SeleniumLibrary">
<arg>10seconds</arg>
<doc>Sets the implicit wait value used by Selenium.</doc>
<status status="PASS" starttime="20230216 13:13:57.273" endtime="20230216 13:13:57.275"/>
</kw>
<kw name="Close Browser" library="SeleniumLibrary" type="TEARDOWN">
<doc>Closes the current browser.</doc>
<status status="PASS" starttime="20230216 13:13:57.276" endtime="20230216 13:13:59.568"/>
</kw>
<status status="PASS" starttime="20230216 13:13:25.920" endtime="20230216 13:13:59.568"/>
</test>
<doc>Simple example using SeleniumLibrary.</doc>
<status status="PASS" starttime="20230216 13:13:25.405" endtime="20230216 13:13:59.568"/>
</suite>
<statistics>
<total>
<stat pass="1" fail="0" skip="0">All Tests</stat>
</total>
<tag>
</tag>
<suite>
<stat pass="1" fail="0" skip="0" id="s1" name="TestDemo">TestDemo</stat>
</suite>
</statistics>
<errors>
</errors>
</robot>
