<?xml version="1.0" encoding="UTF-8"?>
<robot generator="Robot 6.0.2 (Python 3.11.1 on win32)" generated="20230216 00:25:19.615" rpa="false" schemaversion="3">
<suite id="s1" name="TestDemo" source="C:\Users\krishna\PycharmProjects\Robotframework\TestDemo.robot">
<test id="s1-t1" name="Valid Login" line="15">
<kw name="Open Browser To Login Page">
<kw name="Open Browser" library="SeleniumLibrary">
<arg>${LOGIN URL}</arg>
<arg>${BROWSER}</arg>
<doc>Opens a new browser instance to the optional ``url``.</doc>
<msg timestamp="20230216 00:25:20.031" level="INFO">Opening browser 'Chrome' to base url 'https://opensource-demo.orangehrmlive.com/web/index.php/auth/login'.</msg>
<status status="PASS" starttime="20230216 00:25:20.031" endtime="20230216 00:25:25.828"/>
</kw>
<kw name="Sleep" library="BuiltIn">
<arg>5sec</arg>
<doc>Pauses the test executed for the given time.</doc>
<msg timestamp="20230216 00:25:30.829" level="INFO">Slept 5 seconds</msg>
<status status="PASS" starttime="20230216 00:25:25.828" endtime="20230216 00:25:30.829"/>
</kw>
<kw name="Maximize Browser Window" library="SeleniumLibrary">
<doc>Maximizes current browser window.</doc>
<status status="PASS" starttime="20230216 00:25:30.829" endtime="20230216 00:25:30.955"/>
</kw>
<kw name="Title Should Be" library="SeleniumLibrary">
<arg>OrangeHRM</arg>
<doc>Verifies that the current page title equals ``title``.</doc>
<msg timestamp="20230216 00:25:30.955" level="INFO">Page title is 'OrangeHRM'.</msg>
<status status="PASS" starttime="20230216 00:25:30.955" endtime="20230216 00:25:30.955"/>
</kw>
<status status="PASS" starttime="20230216 00:25:20.031" endtime="20230216 00:25:30.955"/>
</kw>
<kw name="Input Username">
<arg>Admin</arg>
<kw name="Input Text" library="SeleniumLibrary">
<arg>${username_field}</arg>
<arg>${username}</arg>
<doc>Types the given ``text`` into the text field identified by ``locator``.</doc>
<msg timestamp="20230216 00:25:30.955" level="INFO">Typing text 'Admin' into text field '//input[@name="username"]'.</msg>
<status status="PASS" starttime="20230216 00:25:30.955" endtime="20230216 00:25:31.115"/>
</kw>
<status status="PASS" starttime="20230216 00:25:30.955" endtime="20230216 00:25:31.115"/>
</kw>
<kw name="Input Password">
<arg>admin123</arg>
<kw name="Input Text" library="SeleniumLibrary">
<arg>${password_field}</arg>
<arg>${password}</arg>
<doc>Types the given ``text`` into the text field identified by ``locator``.</doc>
<msg timestamp="20230216 00:25:31.115" level="INFO">Typing text 'admin123' into text field '//input[@type="password"]'.</msg>
<status status="PASS" starttime="20230216 00:25:31.115" endtime="20230216 00:25:31.270"/>
</kw>
<status status="PASS" starttime="20230216 00:25:31.115" endtime="20230216 00:25:31.270"/>
</kw>
<kw name="Submit Credentials">
<kw name="Click Button" library="SeleniumLibrary">
<arg>${login_button}</arg>
<doc>Clicks the button identified by ``locator``.</doc>
<msg timestamp="20230216 00:25:31.270" level="INFO">Clicking button '//button[@type="submit"]'.</msg>
<status status="PASS" starttime="20230216 00:25:31.270" endtime="20230216 00:25:31.378"/>
</kw>
<status status="PASS" starttime="20230216 00:25:31.270" endtime="20230216 00:25:31.378"/>
</kw>
<kw name="Welcome Page Should Be Open">
<kw name="Title Should Be" library="SeleniumLibrary">
<arg>OrangeHRM</arg>
<doc>Verifies that the current page title equals ``title``.</doc>
<msg timestamp="20230216 00:25:32.652" level="INFO">Page title is 'OrangeHRM'.</msg>
<status status="PASS" starttime="20230216 00:25:31.379" endtime="20230216 00:25:32.652"/>
</kw>
<status status="PASS" starttime="20230216 00:25:31.379" endtime="20230216 00:25:32.653"/>
</kw>
<kw name="User Logout">
<kw name="Sleep" library="BuiltIn">
<arg>5sec</arg>
<doc>Pauses the test executed for the given time.</doc>
<msg timestamp="20230216 00:25:37.655" level="INFO">Slept 5 seconds</msg>
<status status="PASS" starttime="20230216 00:25:32.654" endtime="20230216 00:25:37.655"/>
</kw>
<kw name="Set Selenium Implicit Wait" library="SeleniumLibrary">
<arg>10seconds</arg>
<doc>Sets the implicit wait value used by Selenium.</doc>
<status status="PASS" starttime="20230216 00:25:37.655" endtime="20230216 00:25:37.659"/>
</kw>
<kw name="Click Element" library="SeleniumLibrary">
<arg>${logout_dropdown}</arg>
<doc>Click the element identified by ``locator``.</doc>
<msg timestamp="20230216 00:25:37.661" level="INFO">Clicking element '//p[@class='oxd-userdropdown-name']'.</msg>
<status status="PASS" starttime="20230216 00:25:37.659" endtime="20230216 00:25:37.748"/>
</kw>
<kw name="Sleep" library="BuiltIn">
<arg>5sec</arg>
<doc>Pauses the test executed for the given time.</doc>
<msg timestamp="20230216 00:25:42.749" level="INFO">Slept 5 seconds</msg>
<status status="PASS" starttime="20230216 00:25:37.748" endtime="20230216 00:25:42.749"/>
</kw>
<kw name="Click Element" library="SeleniumLibrary">
<arg>${logout_link}</arg>
<doc>Click the element identified by ``locator``.</doc>
<msg timestamp="20230216 00:25:42.752" level="INFO">Clicking element '//li/a[@href="/web/index.php/auth/logout"]'.</msg>
<status status="PASS" starttime="20230216 00:25:42.750" endtime="20230216 00:25:44.139"/>
</kw>
<status status="PASS" starttime="20230216 00:25:32.653" endtime="20230216 00:25:44.139"/>
</kw>
<kw name="Verify User logout successfully">
<kw name="Sleep" library="BuiltIn">
<arg>5sec</arg>
<doc>Pauses the test executed for the given time.</doc>
<msg timestamp="20230216 00:25:49.141" level="INFO">Slept 5 seconds</msg>
<status status="PASS" starttime="20230216 00:25:44.141" endtime="20230216 00:25:49.141"/>
</kw>
<kw name="Title Should Be" library="SeleniumLibrary">
<arg>OrangeHRM</arg>
<doc>Verifies that the current page title equals ``title``.</doc>
<msg timestamp="20230216 00:25:49.150" level="INFO">Page title is 'OrangeHRM'.</msg>
<status status="PASS" starttime="20230216 00:25:49.141" endtime="20230216 00:25:49.150"/>
</kw>
<status status="PASS" starttime="20230216 00:25:44.140" endtime="20230216 00:25:49.150"/>
</kw>
<status status="PASS" starttime="20230216 00:25:20.031" endtime="20230216 00:25:49.150"/>
</test>
<doc>Simple example using SeleniumLibrary.</doc>
<status status="PASS" starttime="20230216 00:25:19.615" endtime="20230216 00:25:49.159"/>
</suite>
<statistics>
<total>
<stat pass="1" fail="0" skip="0">All Tests</stat>
</total>
<tag>
</tag>
<suite>
<stat pass="1" fail="0" skip="0" id="s1" name="TestDemo">TestDemo</stat>
</suite>
</statistics>
<errors>
</errors>
</robot>
