<?xml version="1.0" encoding="UTF-8"?>
<robot generator="Robot 6.0.2 (Python 3.11.1 on win32)" generated="20230216 13:34:18.177" rpa="false" schemaversion="3">
<suite id="s1" name="TestDemo" source="C:\Users\krishna\PycharmProjects\Robotframework\TestCases\TestDemo.robot">
<test id="s1-t1" name="Valid Login" line="15">
<kw name="Open Browser To Login Page">
<kw name="Open Browser" library="SeleniumLibrary">
<arg>${LOGIN URL}</arg>
<arg>${BROWSER}</arg>
<doc>Opens a new browser instance to the optional ``url``.</doc>
<msg timestamp="20230216 13:34:18.561" level="INFO">Opening browser 'Chrome' to base url 'https://opensource-demo.orangehrmlive.com/web/index.php/auth/login'.</msg>
<status status="PASS" starttime="20230216 13:34:18.560" endtime="20230216 13:34:29.013"/>
</kw>
<kw name="Sleep" library="BuiltIn">
<arg>5sec</arg>
<doc>Pauses the test executed for the given time.</doc>
<msg timestamp="20230216 13:34:34.014" level="INFO">Slept 5 seconds</msg>
<status status="PASS" starttime="20230216 13:34:29.013" endtime="20230216 13:34:34.014"/>
</kw>
<kw name="Maximize Browser Window" library="SeleniumLibrary">
<doc>Maximizes current browser window.</doc>
<status status="PASS" starttime="20230216 13:34:34.014" endtime="20230216 13:34:34.133"/>
</kw>
<kw name="Title Should Be" library="SeleniumLibrary">
<arg>OrangeHRM</arg>
<doc>Verifies that the current page title equals ``title``.</doc>
<msg timestamp="20230216 13:34:34.141" level="INFO">Page title is 'OrangeHRM'.</msg>
<status status="PASS" starttime="20230216 13:34:34.133" endtime="20230216 13:34:34.141"/>
</kw>
<status status="PASS" starttime="20230216 13:34:18.559" endtime="20230216 13:34:34.141"/>
</kw>
<kw name="Input Username">
<arg>Admin</arg>
<kw name="Input Text" library="SeleniumLibrary">
<arg>${username_field}</arg>
<arg>${username}</arg>
<doc>Types the given ``text`` into the text field identified by ``locator``.</doc>
<msg timestamp="20230216 13:34:34.144" level="INFO">Typing text 'Admin' into text field '//input[@name="username"]'.</msg>
<status status="PASS" starttime="20230216 13:34:34.143" endtime="20230216 13:34:34.270"/>
</kw>
<status status="PASS" starttime="20230216 13:34:34.142" endtime="20230216 13:34:34.270"/>
</kw>
<kw name="Input Password">
<arg>admin123</arg>
<kw name="Input Text" library="SeleniumLibrary">
<arg>${password_field}</arg>
<arg>${password}</arg>
<doc>Types the given ``text`` into the text field identified by ``locator``.</doc>
<msg timestamp="20230216 13:34:34.272" level="INFO">Typing text 'admin123' into text field '//input[@type="password"]'.</msg>
<status status="PASS" starttime="20230216 13:34:34.271" endtime="20230216 13:34:34.447"/>
</kw>
<status status="PASS" starttime="20230216 13:34:34.271" endtime="20230216 13:34:34.448"/>
</kw>
<kw name="Submit Credentials">
<kw name="Click Button" library="SeleniumLibrary">
<arg>${login_button}</arg>
<doc>Clicks the button identified by ``locator``.</doc>
<msg timestamp="20230216 13:34:34.449" level="INFO">Clicking button '//button[@type="submit"]'.</msg>
<status status="PASS" starttime="20230216 13:34:34.449" endtime="20230216 13:34:35.700"/>
</kw>
<status status="PASS" starttime="20230216 13:34:34.448" endtime="20230216 13:34:35.700"/>
</kw>
<kw name="Welcome Page Should Be Open">
<kw name="Title Should Be" library="SeleniumLibrary">
<arg>OrangeHRM</arg>
<doc>Verifies that the current page title equals ``title``.</doc>
<msg timestamp="20230216 13:34:35.712" level="INFO">Page title is 'OrangeHRM'.</msg>
<status status="PASS" starttime="20230216 13:34:35.701" endtime="20230216 13:34:35.712"/>
</kw>
<status status="PASS" starttime="20230216 13:34:35.701" endtime="20230216 13:34:35.713"/>
</kw>
<kw name="User Logout">
<kw name="Sleep" library="BuiltIn">
<arg>5sec</arg>
<doc>Pauses the test executed for the given time.</doc>
<msg timestamp="20230216 13:34:40.715" level="INFO">Slept 5 seconds</msg>
<status status="PASS" starttime="20230216 13:34:35.714" endtime="20230216 13:34:40.715"/>
</kw>
<kw name="Set Selenium Implicit Wait" library="SeleniumLibrary">
<arg>10seconds</arg>
<doc>Sets the implicit wait value used by Selenium.</doc>
<status status="PASS" starttime="20230216 13:34:40.715" endtime="20230216 13:34:40.717"/>
</kw>
<kw name="Click Element" library="SeleniumLibrary">
<arg>${logout_dropdown}</arg>
<doc>Click the element identified by ``locator``.</doc>
<msg timestamp="20230216 13:34:40.718" level="INFO">Clicking element '//p[@class='oxd-userdropdown-name']'.</msg>
<status status="PASS" starttime="20230216 13:34:40.717" endtime="20230216 13:34:40.787"/>
</kw>
<kw name="Sleep" library="BuiltIn">
<arg>5sec</arg>
<doc>Pauses the test executed for the given time.</doc>
<msg timestamp="20230216 13:34:45.789" level="INFO">Slept 5 seconds</msg>
<status status="PASS" starttime="20230216 13:34:40.788" endtime="20230216 13:34:45.789"/>
</kw>
<kw name="Click Element" library="SeleniumLibrary">
<arg>${logout_link}</arg>
<doc>Click the element identified by ``locator``.</doc>
<msg timestamp="20230216 13:34:45.790" level="INFO">Clicking element '//li/a[@href="/web/index.php/auth/logout"]'.</msg>
<status status="PASS" starttime="20230216 13:34:45.789" endtime="20230216 13:34:49.768"/>
</kw>
<status status="PASS" starttime="20230216 13:34:35.713" endtime="20230216 13:34:49.769"/>
</kw>
<kw name="Verify User logout successfully">
<kw name="Sleep" library="BuiltIn">
<arg>5sec</arg>
<doc>Pauses the test executed for the given time.</doc>
<msg timestamp="20230216 13:34:54.771" level="INFO">Slept 5 seconds</msg>
<status status="PASS" starttime="20230216 13:34:49.770" endtime="20230216 13:34:54.771"/>
</kw>
<kw name="Title Should Be" library="SeleniumLibrary">
<arg>OrangeHRM</arg>
<doc>Verifies that the current page title equals ``title``.</doc>
<msg timestamp="20230216 13:34:54.782" level="INFO">Page title is 'OrangeHRM'.</msg>
<status status="PASS" starttime="20230216 13:34:54.771" endtime="20230216 13:34:54.782"/>
</kw>
<status status="PASS" starttime="20230216 13:34:49.769" endtime="20230216 13:34:54.783"/>
</kw>
<kw name="Set Selenium Implicit Wait" library="SeleniumLibrary">
<arg>10seconds</arg>
<doc>Sets the implicit wait value used by Selenium.</doc>
<status status="PASS" starttime="20230216 13:34:54.784" endtime="20230216 13:34:54.787"/>
</kw>
<kw name="Close Browser" library="SeleniumLibrary" type="TEARDOWN">
<doc>Closes the current browser.</doc>
<status status="PASS" starttime="20230216 13:34:54.788" endtime="20230216 13:34:57.077"/>
</kw>
<status status="PASS" starttime="20230216 13:34:18.558" endtime="20230216 13:34:57.079"/>
</test>
<doc>Simple example using SeleniumLibrary.</doc>
<status status="PASS" starttime="20230216 13:34:18.180" endtime="20230216 13:34:57.083"/>
</suite>
<statistics>
<total>
<stat pass="1" fail="0" skip="0">All Tests</stat>
</total>
<tag>
</tag>
<suite>
<stat pass="1" fail="0" skip="0" id="s1" name="TestDemo">TestDemo</stat>
</suite>
</statistics>
<errors>
</errors>
</robot>
