<?xml version="1.0" encoding="UTF-8"?>
<robot generator="Robot 6.0.2 (Python 3.11.1 on win32)" generated="20230216 12:33:15.360" rpa="false" schemaversion="3">
<suite id="s1" name="TestDemo" source="C:\Users\krishna\PycharmProjects\Robotframework\TestDemo.robot">
<test id="s1-t1" name="Valid Login" line="15">
<kw name="Open Browser To Login Page">
<kw name="Open Browser" library="SeleniumLibrary">
<arg>${LOGIN URL}</arg>
<arg>${BROWSER}</arg>
<doc>Opens a new browser instance to the optional ``url``.</doc>
<msg timestamp="20230216 12:33:15.741" level="INFO">Opening browser 'Chrome' to base url 'https://opensource-demo.orangehrmlive.com/web/index.php/auth/login'.</msg>
<status status="PASS" starttime="20230216 12:33:15.741" endtime="20230216 12:33:24.353"/>
</kw>
<kw name="Sleep" library="BuiltIn">
<arg>5sec</arg>
<doc>Pauses the test executed for the given time.</doc>
<msg timestamp="20230216 12:33:29.354" level="INFO">Slept 5 seconds</msg>
<status status="PASS" starttime="20230216 12:33:24.353" endtime="20230216 12:33:29.354"/>
</kw>
<kw name="Maximize Browser Window" library="SeleniumLibrary">
<doc>Maximizes current browser window.</doc>
<status status="PASS" starttime="20230216 12:33:29.354" endtime="20230216 12:33:29.484"/>
</kw>
<kw name="Title Should Be" library="SeleniumLibrary">
<arg>OrangeHRM</arg>
<doc>Verifies that the current page title equals ``title``.</doc>
<msg timestamp="20230216 12:33:29.484" level="INFO">Page title is 'OrangeHRM'.</msg>
<status status="PASS" starttime="20230216 12:33:29.484" endtime="20230216 12:33:29.484"/>
</kw>
<status status="PASS" starttime="20230216 12:33:15.741" endtime="20230216 12:33:29.484"/>
</kw>
<kw name="Input Username">
<arg>Admin</arg>
<kw name="Input Text" library="SeleniumLibrary">
<arg>${username_field}</arg>
<arg>${username}</arg>
<doc>Types the given ``text`` into the text field identified by ``locator``.</doc>
<msg timestamp="20230216 12:33:29.497" level="INFO">Typing text 'Admin' into text field '//input[@name="username"]'.</msg>
<status status="PASS" starttime="20230216 12:33:29.484" endtime="20230216 12:33:29.640"/>
</kw>
<status status="PASS" starttime="20230216 12:33:29.484" endtime="20230216 12:33:29.640"/>
</kw>
<kw name="Input Password">
<arg>admin123</arg>
<kw name="Input Text" library="SeleniumLibrary">
<arg>${password_field}</arg>
<arg>${password}</arg>
<doc>Types the given ``text`` into the text field identified by ``locator``.</doc>
<msg timestamp="20230216 12:33:29.640" level="INFO">Typing text 'admin123' into text field '//input[@type="password"]'.</msg>
<status status="PASS" starttime="20230216 12:33:29.640" endtime="20230216 12:33:29.814"/>
</kw>
<status status="PASS" starttime="20230216 12:33:29.640" endtime="20230216 12:33:29.815"/>
</kw>
<kw name="Submit Credentials">
<kw name="Click Button" library="SeleniumLibrary">
<arg>${login_button}</arg>
<doc>Clicks the button identified by ``locator``.</doc>
<msg timestamp="20230216 12:33:29.817" level="INFO">Clicking button '//button[@type="submit"]'.</msg>
<status status="PASS" starttime="20230216 12:33:29.816" endtime="20230216 12:33:29.920"/>
</kw>
<status status="PASS" starttime="20230216 12:33:29.816" endtime="20230216 12:33:29.920"/>
</kw>
<kw name="Welcome Page Should Be Open">
<kw name="Title Should Be" library="SeleniumLibrary">
<arg>OrangeHRM</arg>
<doc>Verifies that the current page title equals ``title``.</doc>
<msg timestamp="20230216 12:33:31.361" level="INFO">Page title is 'OrangeHRM'.</msg>
<status status="PASS" starttime="20230216 12:33:29.920" endtime="20230216 12:33:31.361"/>
</kw>
<status status="PASS" starttime="20230216 12:33:29.920" endtime="20230216 12:33:31.361"/>
</kw>
<kw name="User Logout">
<kw name="Sleep" library="BuiltIn">
<arg>5sec</arg>
<doc>Pauses the test executed for the given time.</doc>
<msg timestamp="20230216 12:33:36.363" level="INFO">Slept 5 seconds</msg>
<status status="PASS" starttime="20230216 12:33:31.363" endtime="20230216 12:33:36.363"/>
</kw>
<kw name="Set Selenium Implicit Wait" library="SeleniumLibrary">
<arg>10seconds</arg>
<doc>Sets the implicit wait value used by Selenium.</doc>
<status status="PASS" starttime="20230216 12:33:36.363" endtime="20230216 12:33:36.366"/>
</kw>
<kw name="Click Element" library="SeleniumLibrary">
<arg>${logout_dropdown}</arg>
<doc>Click the element identified by ``locator``.</doc>
<msg timestamp="20230216 12:33:36.366" level="INFO">Clicking element '//p[@class='oxd-userdropdown-name']'.</msg>
<status status="PASS" starttime="20230216 12:33:36.366" endtime="20230216 12:33:36.436"/>
</kw>
<kw name="Sleep" library="BuiltIn">
<arg>5sec</arg>
<doc>Pauses the test executed for the given time.</doc>
<msg timestamp="20230216 12:33:41.437" level="INFO">Slept 5 seconds</msg>
<status status="PASS" starttime="20230216 12:33:36.436" endtime="20230216 12:33:41.437"/>
</kw>
<kw name="Click Element" library="SeleniumLibrary">
<arg>${logout_link}</arg>
<doc>Click the element identified by ``locator``.</doc>
<msg timestamp="20230216 12:33:41.437" level="INFO">Clicking element '//li/a[@href="/web/index.php/auth/logout"]'.</msg>
<status status="PASS" starttime="20230216 12:33:41.437" endtime="20230216 12:33:45.245"/>
</kw>
<status status="PASS" starttime="20230216 12:33:31.362" endtime="20230216 12:33:45.245"/>
</kw>
<kw name="Verify User logout successfully">
<kw name="Sleep" library="BuiltIn">
<arg>5sec</arg>
<doc>Pauses the test executed for the given time.</doc>
<msg timestamp="20230216 12:33:50.248" level="INFO">Slept 5 seconds</msg>
<status status="PASS" starttime="20230216 12:33:45.247" endtime="20230216 12:33:50.248"/>
</kw>
<kw name="Title Should Be" library="SeleniumLibrary">
<arg>OrangeHRM</arg>
<doc>Verifies that the current page title equals ``title``.</doc>
<msg timestamp="20230216 12:33:50.250" level="INFO">Page title is 'OrangeHRM'.</msg>
<status status="PASS" starttime="20230216 12:33:50.248" endtime="20230216 12:33:50.250"/>
</kw>
<status status="PASS" starttime="20230216 12:33:45.246" endtime="20230216 12:33:50.250"/>
</kw>
<kw name="Set Selenium Implicit Wait" library="SeleniumLibrary">
<arg>10seconds</arg>
<doc>Sets the implicit wait value used by Selenium.</doc>
<status status="PASS" starttime="20230216 12:33:50.250" endtime="20230216 12:33:50.250"/>
</kw>
<kw name="Close Browser" library="SeleniumLibrary" type="TEARDOWN">
<doc>Closes the current browser.</doc>
<status status="PASS" starttime="20230216 12:33:50.250" endtime="20230216 12:33:52.636"/>
</kw>
<status status="PASS" starttime="20230216 12:33:15.741" endtime="20230216 12:33:52.636"/>
</test>
<doc>Simple example using SeleniumLibrary.</doc>
<status status="PASS" starttime="20230216 12:33:15.360" endtime="20230216 12:33:52.636"/>
</suite>
<statistics>
<total>
<stat pass="1" fail="0" skip="0">All Tests</stat>
</total>
<tag>
</tag>
<suite>
<stat pass="1" fail="0" skip="0" id="s1" name="TestDemo">TestDemo</stat>
</suite>
</statistics>
<errors>
</errors>
</robot>
